[debug] [2025-10-23T11:13:34.235Z] ----------------------------------------------------------------------
[debug] [2025-10-23T11:13:34.237Z] Command:       C:\Program Files\nodejs\node.exe C:\Users\user\AppData\Roaming\npm\node_modules\firebase-tools\lib\bin\firebase.js init
[debug] [2025-10-23T11:13:34.238Z] CLI Version:   14.21.0
[debug] [2025-10-23T11:13:34.238Z] Platform:      win32
[debug] [2025-10-23T11:13:34.238Z] Node Version:  v22.21.0
[debug] [2025-10-23T11:13:34.238Z] Time:          Thu Oct 23 2025 16:43:34 GMT+0530 (India Standard Time)
[debug] [2025-10-23T11:13:34.238Z] ----------------------------------------------------------------------
[debug] 
[info] 
     ######## #### ########  ######## ########     ###     ######  ########
     ##        ##  ##     ## ##       ##     ##  ##   ##  ##       ##
     ######    ##  ########  ######   ########  #########  ######  ######
     ##        ##  ##    ##  ##       ##     ## ##     ##       ## ##
     ##       #### ##     ## ######## ########  ##     ##  ######  ########

You're about to initialize a Firebase project in this directory:

  E:\project1-master

[info] 
=== Project Setup
[info] 
[info] First, let's associate this project directory with a Firebase project.
[info] You can create multiple project aliases by running firebase use --add, 
[info] 
[debug] [2025-10-23T11:16:33.405Z] > command requires scopes: ["email","openid","https://www.googleapis.com/auth/cloudplatformprojects.readonly","https://www.googleapis.com/auth/firebase","https://www.googleapis.com/auth/cloud-platform"]
[debug] [2025-10-23T11:16:33.406Z] > authorizing via signed-in user (pranshmishra16@gmail.com)
[debug] [2025-10-23T11:16:33.407Z] Checked if tokens are valid: true, expires at: 1761220395224
[debug] [2025-10-23T11:16:33.407Z] Checked if tokens are valid: true, expires at: 1761220395224
[debug] [2025-10-23T11:16:33.408Z] >>> [apiv2][query] GET https://firebase.googleapis.com/v1beta1/availableProjects pageSize=100
[debug] [2025-10-23T11:16:34.407Z] <<< [apiv2][status] GET https://firebase.googleapis.com/v1beta1/availableProjects 200
[debug] [2025-10-23T11:16:34.407Z] <<< [apiv2][body] GET https://firebase.googleapis.com/v1beta1/availableProjects [omitted]
[debug] [2025-10-23T11:16:42.169Z] Checked if tokens are valid: true, expires at: 1761220395224
[debug] [2025-10-23T11:16:42.169Z] Checked if tokens are valid: true, expires at: 1761220395224
[debug] [2025-10-23T11:16:42.169Z] >>> [apiv2][query] POST https://firebase.googleapis.com/v1beta1/projects/watch-company-476010:addFirebase [none]
[debug] [2025-10-23T11:16:42.853Z] <<< [apiv2][status] POST https://firebase.googleapis.com/v1beta1/projects/watch-company-476010:addFirebase 403
[debug] [2025-10-23T11:16:42.854Z] <<< [apiv2][body] POST https://firebase.googleapis.com/v1beta1/projects/watch-company-476010:addFirebase {"error":{"code":403,"message":"The caller does not have permission","status":"PERMISSION_DENIED"}}
[debug] [2025-10-23T11:16:42.856Z] Request to https://firebase.googleapis.com/v1beta1/projects/watch-company-476010:addFirebase had HTTP Error: 403, The caller does not have permission
[debug] [2025-10-23T11:16:43.102Z] FirebaseError: Request to https://firebase.googleapis.com/v1beta1/projects/watch-company-476010:addFirebase had HTTP Error: 403, The caller does not have permission
    at responseToError (C:\Users\user\AppData\Roaming\npm\node_modules\firebase-tools\lib\responseToError.js:53:12)
    at RetryOperation._fn (C:\Users\user\AppData\Roaming\npm\node_modules\firebase-tools\lib\apiv2.js:312:77)
    at process.processTicksAndRejections (node:internal/process/task_queues:105:5)
[error] 
[error] Error: Failed to add Firebase to Google Cloud Platform project. See firebase-debug.log for more info.
